{\rtf1\ansi\ansicpg1252\deff0\deflang1033{\fonttbl{\f0\fnil MS Sans Serif;}}
\viewkind4\uc1\pard\f0\fs16 <TIME>2026/18/06 06:35</TIME><INFORMATION>Release 1.02.01</INFORMATION>
\par <TIME>2026/18/06 06:35</TIME><INFORMATION>AFDTS 201804301030</INFORMATION>
\par <TIME>2026/18/06 06:35</TIME><INFORMATION>MMXVIII (c) Daktronics (Ireland)</INFORMATION>
\par <TIME>2026/18/06 06:35</TIME><PARSE_XML></PARSE_XML>
\par <TIME>2026/18/06 06:35</TIME><PARSE_XML></PARSE_XML>
\par <TIME>2026/18/06 06:35</TIME><PARSE_XML></PARSE_XML>
\par <TIME>2026/18/06 06:35</TIME><PARSE_XML></PARSE_XML>
\par <TIME>2026/18/06 06:35</TIME><INFORMATION>Splashscreen bitmap loaded.</INFORMATION>
\par <TIME>2026/18/06 06:35</TIME><INFORMATION>splashscreen suppressed.</INFORMATION>
\par <TIME>2026/18/06 06:35</TIME><INFORMATION>splashscreen suppressed due to omission.</INFORMATION>
\par <TIME>2026/18/06 06:35</TIME><INFORMATION>Administrator Mode Enabled.</INFORMATION>
\par <TIME>2026/18/06 06:35</TIME><INFORMATION>WSAStartup success.</INFORMATION>
\par <TIME>2026/18/06 06:35</TIME><INFORMATION>Serial communication ports added or removed.</INFORMATION>
\par <TIME>2026/18/06 06:35</TIME><INFORMATION>Display 0 added to Location.</INFORMATION>
\par <TIME>2026/18/06 06:35</TIME><INFORMATION>Location C:\\Users\\tl866\\Desktop\\DMS Tool\\Locations\\hack.loc opened.</INFORMATION>
\par <TIME>2026/18/06 06:35</TIME><SEND_INFORMATION>COM3 Sent 14 bytes.</SEND_INFORMATION>
\par <TIME>2026/18/06 06:35</TIME><TRANSMITION>[0A!up00!?n]</TRANSMITION>
\par <TIME>2026/18/06 06:35</TIME><INFORMATION>25 bytes received from COM3</INFORMATION>
\par <TIME>2026/18/06 06:35</TIME><REPLY>[AY00,8F:91BA00000CE1/CF]</REPLY>
\par <TIME>2026/18/06 06:35</TIME><INFORMATION>Connected to display 0A on COM3.</INFORMATION>
\par <TIME>2026/18/06 06:35</TIME><SEND_INFORMATION>COM3 Sent 9 bytes.</SEND_INFORMATION>
\par <TIME>2026/18/06 06:35</TIME><TRANSMITION>[0A!?z]</TRANSMITION>
\par <TIME>2026/18/06 06:35</TIME><INFORMATION>24 bytes received from COM3</INFORMATION>
\par <TIME>2026/18/06 06:35</TIME><REPLY>[AY00,8F:0160,0048,M/71]</REPLY>
\par <TIME>2026/18/06 06:36</TIME><SEND_INFORMATION>COM3 Sent 81 bytes.</SEND_INFORMATION>
\par <TIME>2026/18/06 06:36</TIME><TRANSMITION>[0A!ps01!m5!dl1jpL<\\rLine one.>!dl2jpL<\\rLine two.>!dl3jpL<\\rLine three.>!pl01]</TRANSMITION>
\par <TIME>2026/18/06 06:36</TIME><INFORMATION>12 bytes received from COM3</INFORMATION>
\par <TIME>2026/18/06 06:36</TIME><REPLY>[AN02,8F/F6]</REPLY>
\par <TIME>2026/18/06 06:36</TIME><SEND_INFORMATION>COM3 Sent 81 bytes.</SEND_INFORMATION>
\par <TIME>2026/18/06 06:36</TIME><TRANSMITION>[0A!ps01!m5!dl1jpL<\\rLine one.>!dl2jpL<\\rLine two.>!dl3jpL<\\rLine three.>!pl01]</TRANSMITION>
\par <TIME>2026/18/06 06:36</TIME><INFORMATION>12 bytes received from COM3</INFORMATION>
\par <TIME>2026/18/06 06:36</TIME><REPLY>[AN02,8F/F6]</REPLY>
\par <TIME>2026/18/06 06:36</TIME><SEND_INFORMATION>COM3 Sent 9 bytes.</SEND_INFORMATION>
\par <TIME>2026/18/06 06:36</TIME><TRANSMITION>[0A!?d]</TRANSMITION>
\par <TIME>2026/18/06 06:36</TIME><INFORMATION>20 bytes received from COM3</INFORMATION>
\par <TIME>2026/18/06 06:36</TIME><REPLY>[AY00,8F:4061826/A4]</REPLY>
\par <TIME>2026/18/06 06:36</TIME><SEND_INFORMATION>COM3 Sent 9 bytes.</SEND_INFORMATION>
\par <TIME>2026/18/06 06:36</TIME><TRANSMITION>[0A!?t]</TRANSMITION>
\par <TIME>2026/18/06 06:36</TIME><INFORMATION>19 bytes received from COM3</INFORMATION>
\par <TIME>2026/18/06 06:36</TIME><REPLY>[AY00,8F:064657/75]</REPLY>
\par <TIME>2026/18/06 06:36</TIME><SEND_INFORMATION>COM3 Sent 9 bytes.</SEND_INFORMATION>
\par <TIME>2026/18/06 06:36</TIME><TRANSMITION>[0A!?z]</TRANSMITION>
\par <TIME>2026/18/06 06:36</TIME><INFORMATION>24 bytes received from COM3</INFORMATION>
\par <TIME>2026/18/06 06:36</TIME><REPLY>[AY00,8F:0160,0048,M/71]</REPLY>
\par <TIME>2026/18/06 06:36</TIME><SEND_INFORMATION>COM3 Sent 9 bytes.</SEND_INFORMATION>
\par <TIME>2026/18/06 06:36</TIME><TRANSMITION>[0A!?e]</TRANSMITION>
\par <TIME>2026/18/06 06:36</TIME><INFORMATION>18 bytes received from COM3</INFORMATION>
\par <TIME>2026/18/06 06:36</TIME><REPLY>[AY00,8F:00001/2A]</REPLY>
\par <TIME>2026/18/06 06:36</TIME><SEND_INFORMATION>COM3 Sent 9 bytes.</SEND_INFORMATION>
\par <TIME>2026/18/06 06:36</TIME><TRANSMITION>[0A!?h]</TRANSMITION>
\par <TIME>2026/18/06 06:36</TIME><INFORMATION>15 bytes received from COM3</INFORMATION>
\par <TIME>2026/18/06 06:36</TIME><REPLY>[AY00,0F:80/99]</REPLY>
\par <TIME>2026/18/06 06:36</TIME><SEND_INFORMATION>COM3 Sent 9 bytes.</SEND_INFORMATION>
\par <TIME>2026/18/06 06:36</TIME><TRANSMITION>[0A!?j]</TRANSMITION>
\par <TIME>2026/18/06 06:36</TIME><INFORMATION>15 bytes received from COM3</INFORMATION>
\par <TIME>2026/18/06 06:36</TIME><REPLY>[AY00,0F:81/9A]</REPLY>
\par <TIME>2026/18/06 06:36</TIME><SEND_INFORMATION>COM3 Sent 9 bytes.</SEND_INFORMATION>
\par <TIME>2026/18/06 06:36</TIME><TRANSMITION>[0A!?n]</TRANSMITION>
\par <TIME>2026/18/06 06:36</TIME><INFORMATION>25 bytes received from COM3</INFORMATION>
\par <TIME>2026/18/06 06:36</TIME><REPLY>[AY00,0F:91BA00000CE1/C7]</REPLY>
\par <TIME>2026/18/06 06:36</TIME><SEND_INFORMATION>COM3 Sent 9 bytes.</SEND_INFORMATION>
\par <TIME>2026/18/06 06:36</TIME><TRANSMITION>[0A!?o]</TRANSMITION>
\par <TIME>2026/18/06 06:36</TIME><INFORMATION>15 bytes received from COM3</INFORMATION>
\par <TIME>2026/18/06 06:36</TIME><REPLY>[AY00,0F:00/91]</REPLY>
\par <TIME>2026/18/06 06:36</TIME><SEND_INFORMATION>COM3 Sent 9 bytes.</SEND_INFORMATION>
\par <TIME>2026/18/06 06:36</TIME><TRANSMITION>[0A!?v]</TRANSMITION>
\par <TIME>2026/18/06 06:36</TIME><INFORMATION>22 bytes received from COM3</INFORMATION>
\par <TIME>2026/18/06 06:36</TIME><REPLY>[AY00,0F:2037,1010/EB]</REPLY>
\par <TIME>2026/18/06 06:36</TIME><SEND_INFORMATION>COM3 Sent 9 bytes.</SEND_INFORMATION>
\par <TIME>2026/18/06 06:36</TIME><TRANSMITION>[0A!?b]</TRANSMITION>
\par <TIME>2026/18/06 06:36</TIME><INFORMATION>16 bytes received from COM3</INFORMATION>
\par <TIME>2026/18/06 06:36</TIME><REPLY>[AY00,0F:023/C6]</REPLY>
\par <TIME>2026/18/06 06:36</TIME><SEND_INFORMATION>COM3 Sent 9 bytes.</SEND_INFORMATION>
\par <TIME>2026/18/06 06:36</TIME><TRANSMITION>[0A!??]</TRANSMITION>
\par <TIME>2026/18/06 06:36</TIME><INFORMATION>12 bytes received from COM3</INFORMATION>
\par <TIME>2026/18/06 06:36</TIME><REPLY>[AN04,0F/F0]</REPLY>
\par <TIME>2026/18/06 06:36</TIME><INFORMATION>Information for display 0A retrieved.</INFORMATION>
\par <TIME>2026/18/06 06:37</TIME><INFORMATION>Port COM3 closed.</INFORMATION>
\par <TIME>2026/18/06 06:37</TIME><INFORMATION>Display 0 deleted from Location.</INFORMATION>
\par <TIME>2026/18/06 06:38</TIME><INFORMATION>Display 0 added to Location.</INFORMATION>
\par <TIME>2026/18/06 06:38</TIME><SEND_INFORMATION>COM3 Sent 14 bytes.</SEND_INFORMATION>
\par <TIME>2026/18/06 06:38</TIME><TRANSMITION>[0A!up00!?n]</TRANSMITION>
\par <TIME>2026/18/06 06:38</TIME><INFORMATION>25 bytes received from COM3</INFORMATION>
\par <TIME>2026/18/06 06:38</TIME><REPLY>[AY00,0F:91BA00000CE1/C7]</REPLY>
\par <TIME>2026/18/06 06:38</TIME><INFORMATION>Connected to display 0A on COM3.</INFORMATION>
\par <TIME>2026/18/06 06:38</TIME><SEND_INFORMATION>COM3 Sent 9 bytes.</SEND_INFORMATION>
\par <TIME>2026/18/06 06:38</TIME><TRANSMITION>[0A!?z]</TRANSMITION>
\par <TIME>2026/18/06 06:38</TIME><INFORMATION>24 bytes received from COM3</INFORMATION>
\par <TIME>2026/18/06 06:38</TIME><REPLY>[AY00,0F:0160,0048,M/69]</REPLY>
\par <TIME>2026/18/06 06:38</TIME><SEND_INFORMATION>COM3 Sent 81 bytes.</SEND_INFORMATION>
\par <TIME>2026/18/06 06:38</TIME><TRANSMITION>[0A!ps01!m5!dl1jpL<\\rLine one.>!dl2jpL<\\rLine two.>!dl3jpL<\\rLine three.>!pl01]</TRANSMITION>
\par <TIME>2026/18/06 06:38</TIME><INFORMATION>12 bytes received from COM3</INFORMATION>
\par <TIME>2026/18/06 06:38</TIME><REPLY>[AN02,0F/EE]</REPLY>
\par <TIME>2026/18/06 06:38</TIME><SEND_INFORMATION>COM3 Sent 9 bytes.</SEND_INFORMATION>
\par <TIME>2026/18/06 06:38</TIME><TRANSMITION>[0A!?d]</TRANSMITION>
\par <TIME>2026/18/06 06:38</TIME><INFORMATION>20 bytes received from COM3</INFORMATION>
\par <TIME>2026/18/06 06:38</TIME><REPLY>[AY00,0F:4061826/9C]</REPLY>
\par <TIME>2026/18/06 06:38</TIME><SEND_INFORMATION>COM3 Sent 9 bytes.</SEND_INFORMATION>
\par <TIME>2026/18/06 06:38</TIME><TRANSMITION>[0A!?t]</TRANSMITION>
\par <TIME>2026/18/06 06:38</TIME><INFORMATION>19 bytes received from COM3</INFORMATION>
\par <TIME>2026/18/06 06:38</TIME><REPLY>[AY00,0F:064832/68]</REPLY>
\par <TIME>2026/18/06 06:38</TIME><SEND_INFORMATION>COM3 Sent 9 bytes.</SEND_INFORMATION>
\par <TIME>2026/18/06 06:38</TIME><TRANSMITION>[0A!?z]</TRANSMITION>
\par <TIME>2026/18/06 06:38</TIME><INFORMATION>24 bytes received from COM3</INFORMATION>
\par <TIME>2026/18/06 06:38</TIME><REPLY>[AY00,0F:0160,0048,M/69]</REPLY>
\par <TIME>2026/18/06 06:38</TIME><SEND_INFORMATION>COM3 Sent 9 bytes.</SEND_INFORMATION>
\par <TIME>2026/18/06 06:38</TIME><TRANSMITION>[0A!?e]</TRANSMITION>
\par <TIME>2026/18/06 06:38</TIME><INFORMATION>18 bytes received from COM3</INFORMATION>
\par <TIME>2026/18/06 06:38</TIME><REPLY>[AY00,0F:00001/22]</REPLY>
\par <TIME>2026/18/06 06:38</TIME><SEND_INFORMATION>COM3 Sent 9 bytes.</SEND_INFORMATION>
\par <TIME>2026/18/06 06:38</TIME><TRANSMITION>[0A!?h]</TRANSMITION>
\par <TIME>2026/18/06 06:38</TIME><INFORMATION>15 bytes received from COM3</INFORMATION>
\par <TIME>2026/18/06 06:38</TIME><REPLY>[AY00,0F:00/91]</REPLY>
\par <TIME>2026/18/06 06:38</TIME><SEND_INFORMATION>COM3 Sent 9 bytes.</SEND_INFORMATION>
\par <TIME>2026/18/06 06:38</TIME><TRANSMITION>[0A!?j]</TRANSMITION>
\par <TIME>2026/18/06 06:38</TIME><INFORMATION>15 bytes received from COM3</INFORMATION>
\par <TIME>2026/18/06 06:38</TIME><REPLY>[AY00,0F:81/9A]</REPLY>
\par <TIME>2026/18/06 06:38</TIME><SEND_INFORMATION>COM3 Sent 9 bytes.</SEND_INFORMATION>
\par <TIME>2026/18/06 06:38</TIME><TRANSMITION>[0A!?n]</TRANSMITION>
\par <TIME>2026/18/06 06:38</TIME><INFORMATION>25 bytes received from COM3</INFORMATION>
\par <TIME>2026/18/06 06:38</TIME><REPLY>[AY00,0F:91BA00000CE1/C7]</REPLY>
\par <TIME>2026/18/06 06:38</TIME><SEND_INFORMATION>COM3 Sent 9 bytes.</SEND_INFORMATION>
\par <TIME>2026/18/06 06:38</TIME><TRANSMITION>[0A!?o]</TRANSMITION>
\par <TIME>2026/18/06 06:38</TIME><INFORMATION>15 bytes received from COM3</INFORMATION>
\par <TIME>2026/18/06 06:38</TIME><REPLY>[AY00,0F:00/91]</REPLY>
\par <TIME>2026/18/06 06:38</TIME><SEND_INFORMATION>COM3 Sent 9 bytes.</SEND_INFORMATION>
\par <TIME>2026/18/06 06:38</TIME><TRANSMITION>[0A!?v]</TRANSMITION>
\par <TIME>2026/18/06 06:38</TIME><INFORMATION>22 bytes received from COM3</INFORMATION>
\par <TIME>2026/18/06 06:38</TIME><REPLY>[AY00,0F:2037,1010/EB]</REPLY>
\par <TIME>2026/18/06 06:38</TIME><SEND_INFORMATION>COM3 Sent 9 bytes.</SEND_INFORMATION>
\par <TIME>2026/18/06 06:38</TIME><TRANSMITION>[0A!?b]</TRANSMITION>
\par <TIME>2026/18/06 06:38</TIME><INFORMATION>16 bytes received from COM3</INFORMATION>
\par <TIME>2026/18/06 06:38</TIME><REPLY>[AY00,0F:023/C6]</REPLY>
\par <TIME>2026/18/06 06:38</TIME><SEND_INFORMATION>COM3 Sent 9 bytes.</SEND_INFORMATION>
\par <TIME>2026/18/06 06:38</TIME><TRANSMITION>[0A!??]</TRANSMITION>
\par <TIME>2026/18/06 06:38</TIME><INFORMATION>12 bytes received from COM3</INFORMATION>
\par <TIME>2026/18/06 06:38</TIME><REPLY>[AN04,0F/F0]</REPLY>
\par <TIME>2026/18/06 06:38</TIME><INFORMATION>Information for display 0A retrieved.</INFORMATION>
\par <TIME>2026/18/06 06:39</TIME><SEND_INFORMATION>COM3 Sent 9 bytes.</SEND_INFORMATION>
\par <TIME>2026/18/06 06:39</TIME><TRANSMITION>[0A!?d]</TRANSMITION>
\par <TIME>2026/18/06 06:39</TIME><INFORMATION>20 bytes received from COM3</INFORMATION>
\par <TIME>2026/18/06 06:39</TIME><REPLY>[AY00,0F:4061826/9C]</REPLY>
\par <TIME>2026/18/06 06:39</TIME><SEND_INFORMATION>COM3 Sent 9 bytes.</SEND_INFORMATION>
\par <TIME>2026/18/06 06:39</TIME><TRANSMITION>[0A!?t]</TRANSMITION>
\par <TIME>2026/18/06 06:39</TIME><INFORMATION>19 bytes received from COM3</INFORMATION>
\par <TIME>2026/18/06 06:39</TIME><REPLY>[AY00,0F:064838/6E]</REPLY>
\par <TIME>2026/18/06 06:39</TIME><SEND_INFORMATION>COM3 Sent 9 bytes.</SEND_INFORMATION>
\par <TIME>2026/18/06 06:39</TIME><TRANSMITION>[0A!?z]</TRANSMITION>
\par <TIME>2026/18/06 06:39</TIME><INFORMATION>24 bytes received from COM3</INFORMATION>
\par <TIME>2026/18/06 06:39</TIME><REPLY>[AY00,0F:0160,0048,M/69]</REPLY>
\par <TIME>2026/18/06 06:39</TIME><SEND_INFORMATION>COM3 Sent 9 bytes.</SEND_INFORMATION>
\par <TIME>2026/18/06 06:39</TIME><TRANSMITION>[0A!?e]</TRANSMITION>
\par <TIME>2026/18/06 06:39</TIME><INFORMATION>18 bytes received from COM3</INFORMATION>
\par <TIME>2026/18/06 06:39</TIME><REPLY>[AY00,0F:00001/22]</REPLY>
\par <TIME>2026/18/06 06:39</TIME><SEND_INFORMATION>COM3 Sent 9 bytes.</SEND_INFORMATION>
\par <TIME>2026/18/06 06:39</TIME><TRANSMITION>[0A!?h]</TRANSMITION>
\par <TIME>2026/18/06 06:39</TIME><INFORMATION>15 bytes received from COM3</INFORMATION>
\par <TIME>2026/18/06 06:39</TIME><REPLY>[AY00,0F:00/91]</REPLY>
\par <TIME>2026/18/06 06:39</TIME><SEND_INFORMATION>COM3 Sent 9 bytes.</SEND_INFORMATION>
\par <TIME>2026/18/06 06:39</TIME><TRANSMITION>[0A!?j]</TRANSMITION>
\par <TIME>2026/18/06 06:39</TIME><INFORMATION>15 bytes received from COM3</INFORMATION>
\par <TIME>2026/18/06 06:39</TIME><REPLY>[AY00,0F:81/9A]</REPLY>
\par <TIME>2026/18/06 06:39</TIME><SEND_INFORMATION>COM3 Sent 9 bytes.</SEND_INFORMATION>
\par <TIME>2026/18/06 06:39</TIME><TRANSMITION>[0A!?n]</TRANSMITION>
\par <TIME>2026/18/06 06:39</TIME><INFORMATION>25 bytes received from COM3</INFORMATION>
\par <TIME>2026/18/06 06:39</TIME><REPLY>[AY00,0F:91BA00000CE1/C7]</REPLY>
\par <TIME>2026/18/06 06:39</TIME><SEND_INFORMATION>COM3 Sent 9 bytes.</SEND_INFORMATION>
\par <TIME>2026/18/06 06:39</TIME><TRANSMITION>[0A!?o]</TRANSMITION>
\par <TIME>2026/18/06 06:39</TIME><INFORMATION>15 bytes received from COM3</INFORMATION>
\par <TIME>2026/18/06 06:39</TIME><REPLY>[AY00,0F:00/91]</REPLY>
\par <TIME>2026/18/06 06:39</TIME><SEND_INFORMATION>COM3 Sent 9 bytes.</SEND_INFORMATION>
\par <TIME>2026/18/06 06:39</TIME><TRANSMITION>[0A!?v]</TRANSMITION>
\par <TIME>2026/18/06 06:39</TIME><INFORMATION>22 bytes received from COM3</INFORMATION>
\par <TIME>2026/18/06 06:39</TIME><REPLY>[AY00,0F:2037,1010/EB]</REPLY>
\par <TIME>2026/18/06 06:39</TIME><SEND_INFORMATION>COM3 Sent 9 bytes.</SEND_INFORMATION>
\par <TIME>2026/18/06 06:39</TIME><TRANSMITION>[0A!?b]</TRANSMITION>
\par <TIME>2026/18/06 06:39</TIME><INFORMATION>16 bytes received from COM3</INFORMATION>
\par <TIME>2026/18/06 06:39</TIME><REPLY>[AY00,0F:023/C6]</REPLY>
\par <TIME>2026/18/06 06:39</TIME><SEND_INFORMATION>COM3 Sent 9 bytes.</SEND_INFORMATION>
\par <TIME>2026/18/06 06:39</TIME><TRANSMITION>[0A!??]</TRANSMITION>
\par <TIME>2026/18/06 06:39</TIME><INFORMATION>12 bytes received from COM3</INFORMATION>
\par <TIME>2026/18/06 06:39</TIME><REPLY>[AN04,0F/F0]</REPLY>
\par <TIME>2026/18/06 06:39</TIME><INFORMATION>Information for display 0A retrieved.</INFORMATION>
\par <TIME>2026/18/06 06:39</TIME><SEND_INFORMATION>COM3 Sent 9 bytes.</SEND_INFORMATION>
\par <TIME>2026/18/06 06:39</TIME><TRANSMITION>[0A!?d]</TRANSMITION>
\par <TIME>2026/18/06 06:39</TIME><INFORMATION>20 bytes received from COM3</INFORMATION>
\par <TIME>2026/18/06 06:39</TIME><REPLY>[AY00,0F:4061826/9C]</REPLY>
\par <TIME>2026/18/06 06:39</TIME><SEND_INFORMATION>COM3 Sent 9 bytes.</SEND_INFORMATION>
\par <TIME>2026/18/06 06:39</TIME><TRANSMITION>[0A!?t]</TRANSMITION>
\par <TIME>2026/18/06 06:39</TIME><INFORMATION>19 bytes received from COM3</INFORMATION>
\par <TIME>2026/18/06 06:39</TIME><REPLY>[AY00,0F:064851/69]</REPLY>
\par <TIME>2026/18/06 06:39</TIME><SEND_INFORMATION>COM3 Sent 9 bytes.</SEND_INFORMATION>
\par <TIME>2026/18/06 06:39</TIME><TRANSMITION>[0A!?z]</TRANSMITION>
\par <TIME>2026/18/06 06:39</TIME><INFORMATION>24 bytes received from COM3</INFORMATION>
\par <TIME>2026/18/06 06:39</TIME><REPLY>[AY00,0F:0160,0048,M/69]</REPLY>
\par <TIME>2026/18/06 06:39</TIME><SEND_INFORMATION>COM3 Sent 9 bytes.</SEND_INFORMATION>
\par <TIME>2026/18/06 06:39</TIME><TRANSMITION>[0A!?e]</TRANSMITION>
\par <TIME>2026/18/06 06:39</TIME><INFORMATION>18 bytes received from COM3</INFORMATION>
\par <TIME>2026/18/06 06:39</TIME><REPLY>[AY00,0F:00001/22]</REPLY>
\par <TIME>2026/18/06 06:39</TIME><SEND_INFORMATION>COM3 Sent 9 bytes.</SEND_INFORMATION>
\par <TIME>2026/18/06 06:39</TIME><TRANSMITION>[0A!?h]</TRANSMITION>
\par <TIME>2026/18/06 06:39</TIME><INFORMATION>15 bytes received from COM3</INFORMATION>
\par <TIME>2026/18/06 06:39</TIME><REPLY>[AY00,0F:00/91]</REPLY>
\par <TIME>2026/18/06 06:39</TIME><SEND_INFORMATION>COM3 Sent 9 bytes.</SEND_INFORMATION>
\par <TIME>2026/18/06 06:39</TIME><TRANSMITION>[0A!?j]</TRANSMITION>
\par <TIME>2026/18/06 06:39</TIME><INFORMATION>15 bytes received from COM3</INFORMATION>
\par <TIME>2026/18/06 06:39</TIME><REPLY>[AY00,0F:81/9A]</REPLY>
\par <TIME>2026/18/06 06:39</TIME><SEND_INFORMATION>COM3 Sent 9 bytes.</SEND_INFORMATION>
\par <TIME>2026/18/06 06:39</TIME><TRANSMITION>[0A!?n]</TRANSMITION>
\par <TIME>2026/18/06 06:39</TIME><INFORMATION>25 bytes received from COM3</INFORMATION>
\par <TIME>2026/18/06 06:39</TIME><REPLY>[AY00,0F:91BA00000CE1/C7]</REPLY>
\par <TIME>2026/18/06 06:39</TIME><SEND_INFORMATION>COM3 Sent 9 bytes.</SEND_INFORMATION>
\par <TIME>2026/18/06 06:39</TIME><TRANSMITION>[0A!?o]</TRANSMITION>
\par <TIME>2026/18/06 06:39</TIME><INFORMATION>15 bytes received from COM3</INFORMATION>
\par <TIME>2026/18/06 06:39</TIME><REPLY>[AY00,0F:00/91]</REPLY>
\par <TIME>2026/18/06 06:39</TIME><SEND_INFORMATION>COM3 Sent 9 bytes.</SEND_INFORMATION>
\par <TIME>2026/18/06 06:39</TIME><TRANSMITION>[0A!?v]</TRANSMITION>
\par <TIME>2026/18/06 06:39</TIME><INFORMATION>22 bytes received from COM3</INFORMATION>
\par <TIME>2026/18/06 06:39</TIME><REPLY>[AY00,0F:2037,1010/EB]</REPLY>
\par <TIME>2026/18/06 06:39</TIME><SEND_INFORMATION>COM3 Sent 9 bytes.</SEND_INFORMATION>
\par <TIME>2026/18/06 06:39</TIME><TRANSMITION>[0A!?b]</TRANSMITION>
\par <TIME>2026/18/06 06:39</TIME><INFORMATION>16 bytes received from COM3</INFORMATION>
\par <TIME>2026/18/06 06:39</TIME><REPLY>[AY00,0F:023/C6]</REPLY>
\par <TIME>2026/18/06 06:39</TIME><SEND_INFORMATION>COM3 Sent 9 bytes.</SEND_INFORMATION>
\par <TIME>2026/18/06 06:39</TIME><TRANSMITION>[0A!??]</TRANSMITION>
\par <TIME>2026/18/06 06:39</TIME><INFORMATION>12 bytes received from COM3</INFORMATION>
\par <TIME>2026/18/06 06:39</TIME><REPLY>[AN04,0F/F0]</REPLY>
\par <TIME>2026/18/06 06:39</TIME><INFORMATION>Information for display 0A retrieved.</INFORMATION>
\par <TIME>2026/18/06 06:50</TIME><SEND_INFORMATION>COM3 Sent 15 bytes.</SEND_INFORMATION>
\par <TIME>2026/18/06 06:50</TIME><TRANSMITION>[0A!st063528]</TRANSMITION>
\par <TIME>2026/18/06 06:50</TIME><INFORMATION>12 bytes received from COM3</INFORMATION>
\par <TIME>2026/18/06 06:50</TIME><REPLY>[AY00,0F/F7]</REPLY>
\par <TIME>2026/18/06 06:50</TIME><SEND_INFORMATION>COM3 Sent 16 bytes.</SEND_INFORMATION>
\par <TIME>2026/18/06 06:50</TIME><TRANSMITION>[0A!sd4061826]</TRANSMITION>
\par <TIME>2026/18/06 06:50</TIME><INFORMATION>12 bytes received from COM3</INFORMATION>
\par <TIME>2026/18/06 06:50</TIME><REPLY>[AY00,0F/F7]</REPLY>
\par <TIME>2026/18/06 06:50</TIME><SEND_INFORMATION>COM3 Sent 15 bytes.</SEND_INFORMATION>
\par <TIME>2026/18/06 06:50</TIME><TRANSMITION>[0A!st065058]</TRANSMITION>
\par <TIME>2026/18/06 06:50</TIME><INFORMATION>12 bytes received from COM3</INFORMATION>
\par <TIME>2026/18/06 06:50</TIME><REPLY>[AY00,0F/F7]</REPLY>
\par <TIME>2026/18/06 06:51</TIME><SEND_INFORMATION>COM3 Sent 15 bytes.</SEND_INFORMATION>
\par <TIME>2026/18/06 06:51</TIME><TRANSMITION>[0A!st185058]</TRANSMITION>
\par <TIME>2026/18/06 06:51</TIME><INFORMATION>12 bytes received from COM3</INFORMATION>
\par <TIME>2026/18/06 06:51</TIME><REPLY>[AY00,0F/F7]</REPLY>
\par <TIME>2026/18/06 06:51</TIME><SEND_INFORMATION>COM3 Sent 9 bytes.</SEND_INFORMATION>
\par <TIME>2026/18/06 06:51</TIME><TRANSMITION>[0A!tl]</TRANSMITION>
\par <TIME>2026/18/06 06:51</TIME><INFORMATION>Unexpected delay in communication (t2). Please wait.</INFORMATION>
\par <TIME>2026/18/06 06:51</TIME><INFORMATION>12 bytes received from COM3</INFORMATION>
\par <TIME>2026/18/06 06:51</TIME><REPLY>[AY00,0F/F7]</REPLY>
\par <TIME>2026/18/06 06:55</TIME><INFORMATION>Serial communication ports added or removed.</INFORMATION>
\par <TIME>2026/18/06 07:03</TIME><ERROR>Serial Transmission Error: COM3</ERROR>
\par <TIME>2026/18/06 07:03</TIME><INFORMATION>Serial communication ports added or removed.</INFORMATION>
\par <TIME>2026/18/06 07:03</TIME><INFORMATION>Port COM3 closed.</INFORMATION>
\par <TIME>2026/18/06 07:03</TIME><SEND_INFORMATION>COM3 Sent 14 bytes.</SEND_INFORMATION>
\par <TIME>2026/18/06 07:03</TIME><TRANSMITION>[0A!up00!?n]</TRANSMITION>
\par <TIME>2026/18/06 07:03</TIME><INFORMATION>25 bytes received from COM3</INFORMATION>
\par <TIME>2026/18/06 07:03</TIME><REPLY>[AY00,0F:91BA00000CE1/C7]</REPLY>
\par <TIME>2026/18/06 07:03</TIME><INFORMATION>Connected to display 0A on COM3.</INFORMATION>
\par <TIME>2026/18/06 07:03</TIME><SEND_INFORMATION>COM3 Sent 9 bytes.</SEND_INFORMATION>
\par <TIME>2026/18/06 07:03</TIME><TRANSMITION>[0A!?z]</TRANSMITION>
\par <TIME>2026/18/06 07:03</TIME><INFORMATION>24 bytes received from COM3</INFORMATION>
\par <TIME>2026/18/06 07:03</TIME><REPLY>[AY00,0F:0160,0048,M/69]</REPLY>
\par <TIME>2026/18/06 07:07</TIME><INFORMATION>Location C:\\Users\\tl866\\Desktop\\DMS Tool\\Locations\\hack.loc saved.</INFORMATION>
\par 
\par }
 