{\rtf1\ansi\ansicpg1252\deff0\deflang1033{\fonttbl{\f0\fnil MS Sans Serif;}}
\viewkind4\uc1\pard\f0\fs16 <TIME>2026/18/06 07:11</TIME><INFORMATION>Release 1.02.01</INFORMATION>
\par <TIME>2026/18/06 07:11</TIME><INFORMATION>AFDTS 201804301030</INFORMATION>
\par <TIME>2026/18/06 07:11</TIME><INFORMATION>MMXVIII (c) Daktronics (Ireland)</INFORMATION>
\par <TIME>2026/18/06 07:11</TIME><PARSE_XML></PARSE_XML>
\par <TIME>2026/18/06 07:11</TIME><PARSE_XML></PARSE_XML>
\par <TIME>2026/18/06 07:11</TIME><PARSE_XML></PARSE_XML>
\par <TIME>2026/18/06 07:11</TIME><PARSE_XML></PARSE_XML>
\par <TIME>2026/18/06 07:11</TIME><INFORMATION>Splashscreen bitmap loaded.</INFORMATION>
\par <TIME>2026/18/06 07:11</TIME><INFORMATION>splashscreen suppressed.</INFORMATION>
\par <TIME>2026/18/06 07:11</TIME><INFORMATION>splashscreen suppressed due to omission.</INFORMATION>
\par <TIME>2026/18/06 07:11</TIME><INFORMATION>Administrator Mode Enabled.</INFORMATION>
\par <TIME>2026/18/06 07:11</TIME><INFORMATION>WSAStartup success.</INFORMATION>
\par <TIME>2026/18/06 07:11</TIME><INFORMATION>Serial communication ports added or removed.</INFORMATION>
\par <TIME>2026/18/06 07:11</TIME><INFORMATION>Serial communication ports added or removed.</INFORMATION>
\par <TIME>2026/18/06 07:11</TIME><INFORMATION>Display 0 added to Location.</INFORMATION>
\par <TIME>2026/18/06 07:11</TIME><INFORMATION>Location C:\\Users\\tl866\\Desktop\\DMS Tool\\Locations\\hack.loc opened.</INFORMATION>
\par <TIME>2026/18/06 07:11</TIME><SEND_INFORMATION>COM3 Sent 14 bytes.</SEND_INFORMATION>
\par <TIME>2026/18/06 07:11</TIME><TRANSMITION>[0A!up00!?n]</TRANSMITION>
\par <TIME>2026/18/06 07:11</TIME><INFORMATION>25 bytes received from COM3</INFORMATION>
\par <TIME>2026/18/06 07:11</TIME><REPLY>[AY00,0F:91BA00000CE1/C7]</REPLY>
\par <TIME>2026/18/06 07:11</TIME><INFORMATION>Connected to display 0A on COM3.</INFORMATION>
\par <TIME>2026/18/06 07:11</TIME><SEND_INFORMATION>COM3 Sent 9 bytes.</SEND_INFORMATION>
\par <TIME>2026/18/06 07:11</TIME><TRANSMITION>[0A!?z]</TRANSMITION>
\par <TIME>2026/18/06 07:11</TIME><INFORMATION>24 bytes received from COM3</INFORMATION>
\par <TIME>2026/18/06 07:11</TIME><REPLY>[AY00,0F:0160,0048,M/69]</REPLY>
\par <TIME>2026/18/06 07:12</TIME><SEND_INFORMATION>COM3 Sent 12 bytes.</SEND_INFORMATION>
\par <TIME>2026/18/06 07:12</TIME><TRANSMITION>[0A!sb100]</TRANSMITION>
\par <TIME>2026/18/06 07:12</TIME><INFORMATION>12 bytes received from COM3</INFORMATION>
\par <TIME>2026/18/06 07:12</TIME><REPLY>[AY00,0F/F7]</REPLY>
\par <TIME>2026/18/06 07:12</TIME><SEND_INFORMATION>COM3 Sent 10 bytes.</SEND_INFORMATION>
\par <TIME>2026/18/06 07:12</TIME><TRANSMITION>[0A!tp1]</TRANSMITION>
\par <TIME>2026/18/06 07:12</TIME><INFORMATION>12 bytes received from COM3</INFORMATION>
\par <TIME>2026/18/06 07:12</TIME><REPLY>[AY00,0F/F7]</REPLY>
\par <TIME>2026/18/06 07:12</TIME><SEND_INFORMATION>COM3 Sent 10 bytes.</SEND_INFORMATION>
\par <TIME>2026/18/06 07:12</TIME><TRANSMITION>[0A!tp1]</TRANSMITION>
\par <TIME>2026/18/06 07:12</TIME><INFORMATION>12 bytes received from COM3</INFORMATION>
\par <TIME>2026/18/06 07:12</TIME><REPLY>[AY00,0F/F7]</REPLY>
\par <TIME>2026/18/06 07:12</TIME><SEND_INFORMATION>COM3 Sent 10 bytes.</SEND_INFORMATION>
\par <TIME>2026/18/06 07:12</TIME><TRANSMITION>[0A!tp1]</TRANSMITION>
\par <TIME>2026/18/06 07:12</TIME><INFORMATION>12 bytes received from COM3</INFORMATION>
\par <TIME>2026/18/06 07:12</TIME><REPLY>[AY00,0F/F7]</REPLY>
\par <TIME>2026/18/06 07:12</TIME><SEND_INFORMATION>COM3 Sent 12 bytes.</SEND_INFORMATION>
\par <TIME>2026/18/06 07:12</TIME><TRANSMITION>[0A!sb016]</TRANSMITION>
\par <TIME>2026/18/06 07:12</TIME><INFORMATION>12 bytes received from COM3</INFORMATION>
\par <TIME>2026/18/06 07:12</TIME><REPLY>[AY00,0F/F7]</REPLY>
\par <TIME>2026/18/06 07:12</TIME><SEND_INFORMATION>COM3 Sent 12 bytes.</SEND_INFORMATION>
\par <TIME>2026/18/06 07:12</TIME><TRANSMITION>[0A!sb016]</TRANSMITION>
\par <TIME>2026/18/06 07:12</TIME><INFORMATION>12 bytes received from COM3</INFORMATION>
\par <TIME>2026/18/06 07:12</TIME><REPLY>[AY00,0F/F7]</REPLY>
\par <TIME>2026/18/06 07:12</TIME><SEND_INFORMATION>COM3 Sent 12 bytes.</SEND_INFORMATION>
\par <TIME>2026/18/06 07:12</TIME><TRANSMITION>[0A!sb016]</TRANSMITION>
\par <TIME>2026/18/06 07:12</TIME><INFORMATION>12 bytes received from COM3</INFORMATION>
\par <TIME>2026/18/06 07:12</TIME><REPLY>[AY00,0F/F7]</REPLY>
\par <TIME>2026/18/06 07:12</TIME><SEND_INFORMATION>COM3 Sent 12 bytes.</SEND_INFORMATION>
\par <TIME>2026/18/06 07:12</TIME><TRANSMITION>[0A!sb016]</TRANSMITION>
\par <TIME>2026/18/06 07:12</TIME><INFORMATION>12 bytes received from COM3</INFORMATION>
\par <TIME>2026/18/06 07:12</TIME><REPLY>[AY00,0F/F7]</REPLY>
\par <TIME>2026/18/06 07:12</TIME><SEND_INFORMATION>COM3 Sent 12 bytes.</SEND_INFORMATION>
\par <TIME>2026/18/06 07:12</TIME><TRANSMITION>[0A!sb016]</TRANSMITION>
\par <TIME>2026/18/06 07:12</TIME><INFORMATION>12 bytes received from COM3</INFORMATION>
\par <TIME>2026/18/06 07:12</TIME><REPLY>[AY00,0F/F7]</REPLY>
\par <TIME>2026/18/06 07:12</TIME><SEND_INFORMATION>COM3 Sent 12 bytes.</SEND_INFORMATION>
\par <TIME>2026/18/06 07:12</TIME><TRANSMITION>[0A!sb016]</TRANSMITION>
\par <TIME>2026/18/06 07:12</TIME><INFORMATION>12 bytes received from COM3</INFORMATION>
\par <TIME>2026/18/06 07:12</TIME><REPLY>[AY00,0F/F7]</REPLY>
\par <TIME>2026/18/06 07:12</TIME><SEND_INFORMATION>COM3 Sent 12 bytes.</SEND_INFORMATION>
\par <TIME>2026/18/06 07:12</TIME><TRANSMITION>[0A!sb016]</TRANSMITION>
\par <TIME>2026/18/06 07:12</TIME><INFORMATION>12 bytes received from COM3</INFORMATION>
\par <TIME>2026/18/06 07:12</TIME><REPLY>[AY00,0F/F7]</REPLY>
\par <TIME>2026/18/06 07:12</TIME><SEND_INFORMATION>COM3 Sent 12 bytes.</SEND_INFORMATION>
\par <TIME>2026/18/06 07:12</TIME><TRANSMITION>[0A!sb016]</TRANSMITION>
\par <TIME>2026/18/06 07:12</TIME><INFORMATION>12 bytes received from COM3</INFORMATION>
\par <TIME>2026/18/06 07:12</TIME><REPLY>[AY00,0F/F7]</REPLY>
\par <TIME>2026/18/06 07:12</TIME><SEND_INFORMATION>COM3 Sent 12 bytes.</SEND_INFORMATION>
\par <TIME>2026/18/06 07:12</TIME><TRANSMITION>[0A!sb016]</TRANSMITION>
\par <TIME>2026/18/06 07:12</TIME><INFORMATION>12 bytes received from COM3</INFORMATION>
\par <TIME>2026/18/06 07:12</TIME><REPLY>[AY00,0F/F7]</REPLY>
\par <TIME>2026/18/06 07:12</TIME><SEND_INFORMATION>COM3 Sent 12 bytes.</SEND_INFORMATION>
\par <TIME>2026/18/06 07:12</TIME><TRANSMITION>[0A!sb016]</TRANSMITION>
\par <TIME>2026/18/06 07:12</TIME><INFORMATION>12 bytes received from COM3</INFORMATION>
\par <TIME>2026/18/06 07:12</TIME><REPLY>[AY00,0F/F7]</REPLY>
\par <TIME>2026/18/06 07:12</TIME><SEND_INFORMATION>COM3 Sent 12 bytes.</SEND_INFORMATION>
\par <TIME>2026/18/06 07:12</TIME><TRANSMITION>[0A!sb016]</TRANSMITION>
\par <TIME>2026/18/06 07:12</TIME><INFORMATION>12 bytes received from COM3</INFORMATION>
\par <TIME>2026/18/06 07:12</TIME><REPLY>[AY00,0F/F7]</REPLY>
\par <TIME>2026/18/06 07:12</TIME><SEND_INFORMATION>COM3 Sent 12 bytes.</SEND_INFORMATION>
\par <TIME>2026/18/06 07:12</TIME><TRANSMITION>[0A!sb100]</TRANSMITION>
\par <TIME>2026/18/06 07:12</TIME><INFORMATION>12 bytes received from COM3</INFORMATION>
\par <TIME>2026/18/06 07:12</TIME><REPLY>[AY00,0F/F7]</REPLY>
\par <TIME>2026/18/06 07:12</TIME><SEND_INFORMATION>COM3 Sent 12 bytes.</SEND_INFORMATION>
\par <TIME>2026/18/06 07:12</TIME><TRANSMITION>[0A!sb100]</TRANSMITION>
\par <TIME>2026/18/06 07:12</TIME><INFORMATION>12 bytes received from COM3</INFORMATION>
\par <TIME>2026/18/06 07:12</TIME><REPLY>[AY00,0F/F7]</REPLY>
\par <TIME>2026/18/06 07:14</TIME><SEND_INFORMATION>COM3 Sent 10 bytes.</SEND_INFORMATION>
\par <TIME>2026/18/06 07:14</TIME><TRANSMITION>[0A!tp0]</TRANSMITION>
\par <TIME>2026/18/06 07:14</TIME><INFORMATION>12 bytes received from COM3</INFORMATION>
\par <TIME>2026/18/06 07:14</TIME><REPLY>[AY00,0F/F7]</REPLY>
\par <TIME>2026/18/06 07:14</TIME><INFORMATION>Port COM3 closed.</INFORMATION>
\par 
\par }
 